# JRE version: Java(TM) SE Runtime Environment 18.9 (11.0.15.1+2) (build 11.0.15.1+2-LTS-10)
# Java VM: Java HotSpot(TM) 64-Bit Server VM 18.9 (11.0.15.1+2-LTS-10, mixed mode, tiered, compressed oops, g1 gc, windows-amd64)
Heap:
 garbage-first heap   total 115712K, used 55115K [0x00000000c0000000, 0x0000000100000000)
  region size 1024K, 33 young (33792K), 7 survivors (7168K)
 Metaspace       used 62294K, capacity 64342K, committed 64548K, reserved 1105920K
  class space    used 8193K, capacity 8982K, committed 9088K, reserved 1048576K
GC Heap History (10 events):
Event: 8.003 GC heap before
{Heap before GC invocations=11 (full 0):
 garbage-first heap   total 96256K, used 69872K [0x00000000c0000000, 0x0000000100000000)
  region size 1024K, 56 young (57344K), 5 survivors (5120K)
 Metaspace       used 45950K, capacity 47411K, committed 47616K, reserved 1089536K
  class space    used 5932K, capacity 6530K, committed 6656K, reserved 1048576K
}
Event: 8.015 GC heap after
{Heap after GC invocations=12 (full 0):
 garbage-first heap   total 96256K, used 20911K [0x00000000c0000000, 0x0000000100000000)
  region size 1024K, 5 young (5120K), 5 survivors (5120K)
 Metaspace       used 45950K, capacity 47411K, committed 47616K, reserved 1089536K
  class space    used 5932K, capacity 6530K, committed 6656K, reserved 1048576K
}
Event: 8.456 GC heap before
{Heap before GC invocations=12 (full 0):
 garbage-first heap   total 96256K, used 73135K [0x00000000c0000000, 0x0000000100000000)
  region size 1024K, 56 young (57344K), 5 survivors (5120K)
 Metaspace       used 49767K, capacity 51270K, committed 51456K, reserved 1093632K
  class space    used 6426K, capacity 7044K, committed 7168K, reserved 1048576K
}
Event: 8.465 GC heap after
{Heap after GC invocations=13 (full 0):
 garbage-first heap   total 96256K, used 22497K [0x00000000c0000000, 0x0000000100000000)
  region size 1024K, 5 young (5120K), 5 survivors (5120K)
 Metaspace       used 49767K, capacity 51270K, committed 51456K, reserved 1093632K
  class space    used 6426K, capacity 7044K, committed 7168K, reserved 1048576K
}
Event: 9.439 GC heap before
{Heap before GC invocations=13 (full 0):
 garbage-first heap   total 96256K, used 74721K [0x00000000c0000000, 0x0000000100000000)
  region size 1024K, 56 young (57344K), 5 survivors (5120K)
 Metaspace       used 56772K, capacity 58499K, committed 58624K, reserved 1099776K
  class space    used 7494K, capacity 8151K, committed 8192K, reserved 1048576K
}
Event: 9.450 GC heap after
{Heap after GC invocations=14 (full 0):
 garbage-first heap   total 96256K, used 25042K [0x00000000c0000000, 0x0000000100000000)
  region size 1024K, 4 young (4096K), 4 survivors (4096K)
 Metaspace       used 56772K, capacity 58499K, committed 58624K, reserved 1099776K
  class space    used 7494K, capacity 8151K, committed 8192K, reserved 1048576K
}
Event: 9.698 GC heap before
{Heap before GC invocations=14 (full 0):
 garbage-first heap   total 96256K, used 40402K [0x00000000c0000000, 0x0000000100000000)
  region size 1024K, 20 young (20480K), 4 survivors (4096K)
 Metaspace       used 58426K, capacity 60301K, committed 60376K, reserved 1101824K
  class space    used 7683K, capacity 8417K, committed 8448K, reserved 1048576K
}
Event: 9.708 GC heap after
{Heap after GC invocations=15 (full 0):
 garbage-first heap   total 115712K, used 26340K [0x00000000c0000000, 0x0000000100000000)
  region size 1024K, 4 young (4096K), 4 survivors (4096K)
 Metaspace       used 58426K, capacity 60301K, committed 60376K, reserved 1101824K
  class space    used 7683K, capacity 8417K, committed 8448K, reserved 1048576K
}
Event: 10.405 GC heap before
{Heap before GC invocations=16 (full 0):
 garbage-first heap   total 115712K, used 77540K [0x00000000c0000000, 0x0000000100000000)
  region size 1024K, 55 young (56320K), 4 survivors (4096K)
 Metaspace       used 62259K, capacity 64278K, committed 64548K, reserved 1105920K
  class space    used 8191K, capacity 8982K, committed 9088K, reserved 1048576K
}
Event: 10.421 GC heap after
{Heap after GC invocations=17 (full 0):
 garbage-first heap   total 115712K, used 29515K [0x00000000c0000000, 0x0000000100000000)
  region size 1024K, 7 young (7168K), 7 survivors (7168K)
 Metaspace       used 62259K, capacity 64278K, committed 64548K, reserved 1105920K
  class space    used 8191K, capacity 8982K, committed 9088K, reserved 1048576K
}

